
=== Wed Jul 30 13:58:16 2025

Packages were changed.
Update Mode: updateDependencies

The following packages were added:
  com.unity.ide.visualstudio@2.0.23
  com.unity.ai.navigation@2.0.8
  com.unity.modules.accessibility@1.0.0
  com.unity.multiplayer.center@1.0.0
The following packages were updated:
  com.unity.2d.animation from version 3.2.6 to 11.0.0
  com.unity.2d.psdimporter from version 2.1.6 to 10.1.1
  com.unity.collab-proxy from version 1.2.16 to 2.8.2
  com.unity.ide.rider from version 1.1.4 to 3.0.36
  com.unity.postprocessing from version 3.0.3 to 3.4.0
  com.unity.probuilder from version 4.5.0 to 6.0.5
  com.unity.render-pipelines.universal from version 7.5.3 to 17.1.0
  com.unity.test-framework from version 1.1.22 to 1.5.1
  com.unity.timeline from version 1.2.18 to 1.8.7
  com.unity.ugui from version 1.0.0 to 2.0.0
The following packages were removed:
  com.unity.2d.ik@2.1.0-preview.1
  com.unity.textmeshpro@2.1.1
